<?xml version="1.0" encoding="UTF-8"?>
<!-- Generated by org.testng.reporters.JUnitReportReporter -->
<testsuite skipped="0" hostname="OTSI-Lap99" name="Salesforce" tests="1" failures="0" timestamp="21 Feb 2019 19:18:32 GMT" time="53.085" errors="0">
  <testcase name="SalesForceTest" time="53.085" classname="Salesforce"/>
</testsuite> <!-- Salesforce -->
